<?xml version="1.0" encoding="UTF-8"?>
<!-- Generated by org.testng.reporters.JUnitReportReporter -->
<testsuite hostname="DESKTOP-NN9F1OB" failures="0" tests="1" name="Axis.DataDriven.ReadExcel" time="17.292" errors="0" timestamp="2024-02-27T12:50:03 IST" skipped="0">
  <testcase classname="Axis.DataDriven.ReadExcel" name="fblogin" time="17.292"/>
  <system-out/>
</testsuite> <!-- Axis.DataDriven.ReadExcel -->
