<?xml version="1.0" encoding="UTF-8"?>
<!-- Generated by org.testng.reporters.JUnitReportReporter -->
<testsuite hostname="DESKTOP-NN9F1OB" failures="0" tests="1" name="Axis.DataDriven.WriteExcel" time="10.151" errors="0" timestamp="2024-02-27T20:57:35 IST" skipped="0">
  <testcase classname="Axis.DataDriven.WriteExcel" name="fblogin" time="10.151"/>
  <system-out/>
</testsuite> <!-- Axis.DataDriven.WriteExcel -->
