<?xml version="1.0" encoding="UTF-8"?>
<!-- Generated by org.testng.reporters.JUnitReportReporter -->
<testsuite hostname="DESKTOP-NN9F1OB" failures="0" tests="1" name="Axis.DataDriven.ReadExcel" time="11.630" errors="0" timestamp="2024-02-28T18:28:43 IST" skipped="0">
  <testcase classname="Axis.DataDriven.ReadExcel" name="fblogin" time="11.630"/>
  <system-out/>
</testsuite> <!-- Axis.DataDriven.ReadExcel -->
